<?xml version="1.0" encoding="UTF-8"?>
<robot generator="Robot 7.4.2 (Python 3.14.3 on win32)" generated="2026-05-08T19:10:24.082085" rpa="false" schemaversion="5">
<suite id="s1" name="Login Tests" source="C:\Robot Kickoff\Script Teste\Desafio_Gabriel\tests\login_tests.robot">
<test id="s1-t1" name="TC01 - Login com sucesso" line="9">
<kw name="Abrir navegador e acessar o site" owner="login_page" type="SETUP">
<kw name="Open Browser" owner="SeleniumLibrary">
<msg time="2026-05-08T19:10:24.419943" level="INFO">Opening browser 'chrome' to base url 'https://practicetestautomation.com/practice-test-login/'.</msg>
<arg>${URL}</arg>
<arg>${BROWSER}</arg>
<doc>Opens a new browser instance to the optional ``url``.</doc>
<status status="PASS" start="2026-05-08T19:10:24.419667" elapsed="3.592188"/>
</kw>
<kw name="Maximize Browser Window" owner="SeleniumLibrary">
<doc>Maximizes current browser window.</doc>
<status status="PASS" start="2026-05-08T19:10:28.012153" elapsed="0.292339"/>
</kw>
<status status="PASS" start="2026-05-08T19:10:24.418969" elapsed="3.885655"/>
</kw>
<kw name="Preencher username" owner="login_page">
<kw name="Input Text" owner="SeleniumLibrary">
<msg time="2026-05-08T19:10:28.331427" level="INFO">Typing text 'student' into text field '//input[@name='username']'.</msg>
<arg>${INPUT_USERNAME}</arg>
<arg>${username}</arg>
<doc>Types the given ``text`` into the text field identified by ``locator``.</doc>
<status status="PASS" start="2026-05-08T19:10:28.331047" elapsed="1.221449"/>
</kw>
<arg>${USERNAME_VALIDO}</arg>
<status status="PASS" start="2026-05-08T19:10:28.330677" elapsed="1.221988"/>
</kw>
<kw name="Preencher password" owner="login_page">
<kw name="Input Text" owner="SeleniumLibrary">
<msg time="2026-05-08T19:10:29.567839" level="INFO">Typing text 'Password123' into text field '//input[@name='password']'.</msg>
<arg>${INPUT_PASSWORD}</arg>
<arg>${password}</arg>
<doc>Types the given ``text`` into the text field identified by ``locator``.</doc>
<status status="PASS" start="2026-05-08T19:10:29.567541" elapsed="0.390784"/>
</kw>
<arg>${PASSWORD_VALIDO}</arg>
<status status="PASS" start="2026-05-08T19:10:29.567005" elapsed="0.391442"/>
</kw>
<kw name="Clicar em submit" owner="login_page">
<kw name="Click Element" owner="SeleniumLibrary">
<msg time="2026-05-08T19:10:29.963279" level="INFO">Clicking element '//button[@id='submit']'.</msg>
<arg>${BUTTON_SUBMIT}</arg>
<doc>Click the element identified by ``locator``.</doc>
<status status="PASS" start="2026-05-08T19:10:29.963051" elapsed="1.207111"/>
</kw>
<status status="PASS" start="2026-05-08T19:10:29.962739" elapsed="1.207541"/>
</kw>
<kw name="Validar login com sucesso" owner="login_page">
<kw name="Wait Until Element Is Visible" owner="SeleniumLibrary">
<arg>${MESSAGE_SUCCESS}</arg>
<arg>10s</arg>
<doc>Waits until the element ``locator`` is visible.</doc>
<status status="PASS" start="2026-05-08T19:10:31.190130" elapsed="0.510184"/>
</kw>
<status status="PASS" start="2026-05-08T19:10:31.189832" elapsed="0.510620"/>
</kw>
<kw name="Fechar navegador" owner="login_page" type="TEARDOWN">
<kw name="Close Browser" owner="SeleniumLibrary">
<doc>Closes the current browser.</doc>
<status status="PASS" start="2026-05-08T19:10:31.719513" elapsed="3.369435"/>
</kw>
<status status="PASS" start="2026-05-08T19:10:31.719180" elapsed="3.369882"/>
</kw>
<status status="PASS" start="2026-05-08T19:10:24.418217" elapsed="10.671064"/>
</test>
<test id="s1-t2" name="TC02 - Login com username inválido" line="15">
<kw name="Abrir navegador e acessar o site" owner="login_page" type="SETUP">
<kw name="Open Browser" owner="SeleniumLibrary">
<msg time="2026-05-08T19:10:35.091316" level="INFO">Opening browser 'chrome' to base url 'https://practicetestautomation.com/practice-test-login/'.</msg>
<arg>${URL}</arg>
<arg>${BROWSER}</arg>
<doc>Opens a new browser instance to the optional ``url``.</doc>
<status status="PASS" start="2026-05-08T19:10:35.091094" elapsed="3.018341"/>
</kw>
<kw name="Maximize Browser Window" owner="SeleniumLibrary">
<doc>Maximizes current browser window.</doc>
<status status="PASS" start="2026-05-08T19:10:38.109672" elapsed="0.064222"/>
</kw>
<status status="PASS" start="2026-05-08T19:10:35.090819" elapsed="3.083222"/>
</kw>
<kw name="Preencher username" owner="login_page">
<kw name="Input Text" owner="SeleniumLibrary">
<msg time="2026-05-08T19:10:38.175400" level="INFO">Typing text 'invaliduser' into text field '//input[@name='username']'.</msg>
<arg>${INPUT_USERNAME}</arg>
<arg>${username}</arg>
<doc>Types the given ``text`` into the text field identified by ``locator``.</doc>
<status status="PASS" start="2026-05-08T19:10:38.175161" elapsed="0.338763"/>
</kw>
<arg>${USERNAME_INVALIDO}</arg>
<status status="PASS" start="2026-05-08T19:10:38.174790" elapsed="0.339265"/>
</kw>
<kw name="Preencher password" owner="login_page">
<kw name="Input Text" owner="SeleniumLibrary">
<msg time="2026-05-08T19:10:38.514967" level="INFO">Typing text 'Password123' into text field '//input[@name='password']'.</msg>
<arg>${INPUT_PASSWORD}</arg>
<arg>${password}</arg>
<doc>Types the given ``text`` into the text field identified by ``locator``.</doc>
<status status="PASS" start="2026-05-08T19:10:38.514722" elapsed="0.179893"/>
</kw>
<arg>${PASSWORD_VALIDO}</arg>
<status status="PASS" start="2026-05-08T19:10:38.514375" elapsed="0.180358"/>
</kw>
<kw name="Clicar em submit" owner="login_page">
<kw name="Click Element" owner="SeleniumLibrary">
<msg time="2026-05-08T19:10:38.695592" level="INFO">Clicking element '//button[@id='submit']'.</msg>
<arg>${BUTTON_SUBMIT}</arg>
<doc>Click the element identified by ``locator``.</doc>
<status status="PASS" start="2026-05-08T19:10:38.695355" elapsed="0.139011"/>
</kw>
<status status="PASS" start="2026-05-08T19:10:38.695068" elapsed="0.139413"/>
</kw>
<kw name="Validar erro de username" owner="login_page">
<kw name="Wait Until Element Is Visible" owner="SeleniumLibrary">
<arg>${MESSAGE_USERNAME_ERROR}</arg>
<arg>10s</arg>
<doc>Waits until the element ``locator`` is visible.</doc>
<status status="PASS" start="2026-05-08T19:10:38.836504" elapsed="0.033978"/>
</kw>
<status status="PASS" start="2026-05-08T19:10:38.835984" elapsed="0.034623"/>
</kw>
<kw name="Fechar navegador" owner="login_page" type="TEARDOWN">
<kw name="Close Browser" owner="SeleniumLibrary">
<doc>Closes the current browser.</doc>
<status status="PASS" start="2026-05-08T19:10:38.872011" elapsed="2.299416"/>
</kw>
<status status="PASS" start="2026-05-08T19:10:38.871524" elapsed="2.300028"/>
</kw>
<status status="PASS" start="2026-05-08T19:10:35.090296" elapsed="6.081482"/>
</test>
<test id="s1-t3" name="TC03 - Login com password inválido" line="21">
<kw name="Abrir navegador e acessar o site" owner="login_page" type="SETUP">
<kw name="Open Browser" owner="SeleniumLibrary">
<msg time="2026-05-08T19:10:41.173376" level="INFO">Opening browser 'chrome' to base url 'https://practicetestautomation.com/practice-test-login/'.</msg>
<arg>${URL}</arg>
<arg>${BROWSER}</arg>
<doc>Opens a new browser instance to the optional ``url``.</doc>
<status status="PASS" start="2026-05-08T19:10:41.173174" elapsed="2.717053"/>
</kw>
<kw name="Maximize Browser Window" owner="SeleniumLibrary">
<doc>Maximizes current browser window.</doc>
<status status="PASS" start="2026-05-08T19:10:43.890513" elapsed="0.042791"/>
</kw>
<status status="PASS" start="2026-05-08T19:10:41.172915" elapsed="2.760506"/>
</kw>
<kw name="Preencher username" owner="login_page">
<kw name="Input Text" owner="SeleniumLibrary">
<msg time="2026-05-08T19:10:43.934571" level="INFO">Typing text 'student' into text field '//input[@name='username']'.</msg>
<arg>${INPUT_USERNAME}</arg>
<arg>${username}</arg>
<doc>Types the given ``text`` into the text field identified by ``locator``.</doc>
<status status="PASS" start="2026-05-08T19:10:43.934327" elapsed="0.133420"/>
</kw>
<arg>${USERNAME_VALIDO}</arg>
<status status="PASS" start="2026-05-08T19:10:43.933964" elapsed="0.133894"/>
</kw>
<kw name="Preencher password" owner="login_page">
<kw name="Input Text" owner="SeleniumLibrary">
<msg time="2026-05-08T19:10:44.068758" level="INFO">Typing text 'Password1234' into text field '//input[@name='password']'.</msg>
<arg>${INPUT_PASSWORD}</arg>
<arg>${password}</arg>
<doc>Types the given ``text`` into the text field identified by ``locator``.</doc>
<status status="PASS" start="2026-05-08T19:10:44.068534" elapsed="0.096966"/>
</kw>
<arg>${PASSWORD_INVALIDO}</arg>
<status status="PASS" start="2026-05-08T19:10:44.068180" elapsed="0.097427"/>
</kw>
<kw name="Clicar em submit" owner="login_page">
<kw name="Click Element" owner="SeleniumLibrary">
<msg time="2026-05-08T19:10:44.166294" level="INFO">Clicking element '//button[@id='submit']'.</msg>
<arg>${BUTTON_SUBMIT}</arg>
<doc>Click the element identified by ``locator``.</doc>
<status status="PASS" start="2026-05-08T19:10:44.166109" elapsed="0.064732"/>
</kw>
<status status="PASS" start="2026-05-08T19:10:44.165870" elapsed="0.065086"/>
</kw>
<kw name="Validar erro de password" owner="login_page">
<kw name="Wait Until Element Is Visible" owner="SeleniumLibrary">
<arg>${MESSAGE_PASSWORD_ERROR}</arg>
<arg>10s</arg>
<doc>Waits until the element ``locator`` is visible.</doc>
<status status="PASS" start="2026-05-08T19:10:44.231471" elapsed="0.022105"/>
</kw>
<status status="PASS" start="2026-05-08T19:10:44.231224" elapsed="0.022467"/>
</kw>
<kw name="Fechar navegador" owner="login_page" type="TEARDOWN">
<kw name="Close Browser" owner="SeleniumLibrary">
<doc>Closes the current browser.</doc>
<status status="PASS" start="2026-05-08T19:10:44.254391" elapsed="2.243469"/>
</kw>
<status status="PASS" start="2026-05-08T19:10:44.254109" elapsed="2.243866"/>
</kw>
<status status="PASS" start="2026-05-08T19:10:41.172444" elapsed="5.325758"/>
</test>
<status status="PASS" start="2026-05-08T19:10:24.084272" elapsed="22.414745"/>
</suite>
<statistics>
<total>
<stat pass="3" fail="0" skip="0">All Tests</stat>
</total>
<tag>
</tag>
<suite>
<stat name="Login Tests" id="s1" pass="3" fail="0" skip="0">Login Tests</stat>
</suite>
</statistics>
<errors>
</errors>
</robot>
